0 info it worked if it ends with ok
1 verbose cli [ '/usr/bin/node',
1 verbose cli   '/usr/bin/npm',
1 verbose cli   'install',
1 verbose cli   '--save',
1 verbose cli   'hexo-helper-live2d' ]
2 info using npm@3.5.2
3 info using node@v8.10.0
4 silly loadCurrentTree Starting
5 silly install loadCurrentTree
6 silly install readLocalPackageData
7 silly fetchPackageMetaData hexo-helper-live2d@^3.1.1
8 silly fetchNamedPackageData hexo-helper-live2d
9 silly mapToRegistry name hexo-helper-live2d
10 silly mapToRegistry using default registry
11 silly mapToRegistry registry https://registry.npmjs.org/
12 silly mapToRegistry uri https://registry.npmjs.org/hexo-helper-live2d
13 verbose request uri https://registry.npmjs.org/hexo-helper-live2d
14 verbose request no auth needed
15 info attempt registry request try #1 at 下午12:42:55
16 verbose request id 9c74fd0f61dd107a
17 verbose etag W/"6fe08eea7f42909f259a08983f7280eb"
18 verbose lastModified Tue, 02 Apr 2019 09:24:20 GMT
19 http request GET https://registry.npmjs.org/hexo-helper-live2d
20 verbose stack Error: write EIO
20 verbose stack     at _errnoException (util.js:1022:11)
20 verbose stack     at WriteWrap.afterWrite [as oncomplete] (net.js:880:14)
21 verbose cwd /home/fffzlfk/github/fffzlfk.github.io
22 error Linux 5.3.0-40-generic
23 error argv "/usr/bin/node" "/usr/bin/npm" "install" "--save" "hexo-helper-live2d"
24 error node v8.10.0
25 error npm  v3.5.2
26 error code EIO
27 error errno EIO
28 error syscall write
29 error write EIO
30 error If you need help, you may report this error at:
30 error     <https://github.com/npm/npm/issues>
31 verbose exit [ 1, true ]
